2024-11-17 14:28:44,188 - Git operation failed: Command '['git', 'pull', '--rebase']' returned non-zero exit status 1.
2024-11-17 14:30:32,504 - Git operation failed: Command '['git', 'pull', '--rebase']' returned non-zero exit status 1.
2024-11-17 14:32:50,361 - Git operation failed: Command '['git', 'pull', '--rebase']' returned non-zero exit status 1.
2024-11-17 14:34:18,293 - Git operation failed: Command '['git', 'pull', '--rebase']' returned non-zero exit status 1.
2024-11-17 14:34:34,402 - Set up tracking for branch master
2024-11-17 14:34:35,233 - Git repository successfully configured
2024-11-17 14:35:06,072 - Git operation failed: b"fatal: invalid upstream 'origin/HEAD'\n"
2024-11-17 14:35:06,072 - Unexpected error during sync: Command '['git', 'rebase', 'origin/HEAD']' returned non-zero exit status 128.
2024-11-17 14:37:08,426 - Git operation failed: b"fatal: invalid upstream 'origin/HEAD'\n"
2024-11-17 14:37:08,426 - Unexpected error during sync: Command '['git', 'rebase', 'origin/HEAD']' returned non-zero exit status 128.
2024-11-17 14:38:28,874 - Git operation failed: b"fatal: invalid upstream 'origin/HEAD'\n"
2024-11-17 14:38:28,874 - Unexpected error during sync: Command '['git', 'rebase', 'origin/HEAD']' returned non-zero exit status 128.
2024-11-17 14:38:34,925 - Current branch: master
2024-11-17 14:38:34,926 - Remote URL: git@github.com:eaucoin/journal.git
2024-11-17 14:38:35,791 - Set up tracking for branch master
2024-11-17 14:38:36,474 - Git repository successfully configured
2024-11-17 14:38:48,825 - Successfully synced vault at 2024-11-17 14:38:47
2024-11-17 14:40:26,958 - Successfully synced vault at 2024-11-17 14:40:23
2024-11-17 14:42:14,629 - Rebase failed: b'error: cannot rebase: You have unstaged changes.\nerror: Please commit or stash them.\n'
2024-11-17 14:42:16,521 - Successfully synced vault at 2024-11-17 14:42:13
2024-11-17 14:44:05,381 - Successfully synced vault at 2024-11-17 14:44:03
2024-11-17 14:46:51,497 - Successfully synced vault at 2024-11-17 14:46:49
2024-11-17 14:50:20,171 - Successfully synced vault at 2024-11-17 14:50:18
2024-11-17 14:52:04,864 - Successfully synced vault at 2024-11-17 14:52:02
2024-11-17 14:55:46,151 - Successfully synced vault at 2024-11-17 14:55:44
2024-11-17 14:56:49,745 - Successfully synced vault at 2024-11-17 14:56:47
2024-11-17 14:57:50,371 - Successfully synced vault at 2024-11-17 14:57:47
2024-11-17 14:58:51,834 - Successfully synced vault at 2024-11-17 14:58:49
2024-11-17 14:59:58,693 - Successfully synced vault at 2024-11-17 14:59:56
2024-11-17 15:01:02,890 - Successfully synced vault at 2024-11-17 15:01:00
2024-11-17 15:02:04,532 - Successfully synced vault at 2024-11-17 15:02:02
2024-11-17 15:03:12,245 - Successfully synced vault at 2024-11-17 15:03:08
2024-11-17 15:05:07,226 - Successfully synced vault at 2024-11-17 15:05:05
2024-11-17 15:06:20,230 - Successfully synced vault at 2024-11-17 15:06:18
2024-11-17 15:09:13,088 - Successfully synced vault at 2024-11-17 15:09:11
2024-11-17 15:10:24,180 - Successfully synced vault at 2024-11-17 15:10:22
2024-11-17 15:11:55,726 - Successfully synced vault at 2024-11-17 15:11:53
2024-11-17 15:12:59,709 - Successfully synced vault at 2024-11-17 15:12:57
2024-11-17 15:14:13,324 - Successfully synced vault at 2024-11-17 15:14:10
2024-11-17 15:15:29,056 - Successfully synced vault at 2024-11-17 15:15:26
2024-11-17 15:16:29,640 - Successfully synced vault at 2024-11-17 15:16:27
2024-11-17 15:17:30,777 - Successfully synced vault at 2024-11-17 15:17:28
2024-11-17 15:27:26,721 - Successfully synced vault at 2024-11-17 15:27:23
2024-11-17 15:29:41,726 - Successfully synced vault at 2024-11-17 15:29:38
2024-11-17 15:31:08,240 - Rebase failed: b'error: cannot rebase: You have unstaged changes.\nerror: Please commit or stash them.\n'
2024-11-17 15:31:11,738 - Successfully synced vault at 2024-11-17 15:31:07
2024-11-17 15:37:17,932 - Successfully synced vault at 2024-11-17 15:37:16
2024-11-17 15:56:22,920 - Successfully synced vault at 2024-11-17 15:56:21
2024-11-17 15:57:26,917 - Successfully synced vault at 2024-11-17 15:57:24
2024-11-17 15:58:35,418 - Successfully synced vault at 2024-11-17 15:58:33
2024-11-17 15:59:38,389 - Successfully synced vault at 2024-11-17 15:59:36
2024-11-17 16:00:41,891 - Successfully synced vault at 2024-11-17 16:00:38
2024-11-17 16:01:42,757 - Successfully synced vault at 2024-11-17 16:01:40
2024-11-17 16:03:45,064 - Successfully synced vault at 2024-11-17 16:03:43
2024-11-17 16:04:45,991 - Successfully synced vault at 2024-11-17 16:04:44
2024-11-17 16:06:24,187 - Successfully synced vault at 2024-11-17 16:06:22
2024-11-17 16:07:33,103 - Successfully synced vault at 2024-11-17 16:07:31
2024-11-17 16:08:35,975 - Successfully synced vault at 2024-11-17 16:08:31
2024-11-17 16:09:42,316 - Successfully synced vault at 2024-11-17 16:09:39
2024-11-17 16:10:43,053 - Successfully synced vault at 2024-11-17 16:10:40
2024-11-17 16:11:45,621 - Successfully synced vault at 2024-11-17 16:11:43
2024-11-17 16:13:36,361 - Successfully synced vault at 2024-11-17 16:13:34
2024-11-17 16:15:09,489 - Successfully synced vault at 2024-11-17 16:15:07
2024-11-17 16:16:36,230 - Successfully synced vault at 2024-11-17 16:16:34
2024-11-17 16:17:38,283 - Successfully synced vault at 2024-11-17 16:17:36
2024-11-17 16:18:44,024 - Successfully synced vault at 2024-11-17 16:18:41
2024-11-17 16:20:02,566 - Successfully synced vault at 2024-11-17 16:20:00
2024-11-17 16:21:05,847 - Successfully synced vault at 2024-11-17 16:21:03
2024-11-17 16:22:07,398 - Successfully synced vault at 2024-11-17 16:22:05
2024-11-17 16:23:22,367 - Successfully synced vault at 2024-11-17 16:23:20
2024-11-17 16:24:28,134 - Successfully synced vault at 2024-11-17 16:24:25
2024-11-17 16:25:45,730 - Successfully synced vault at 2024-11-17 16:25:43
2024-11-17 16:27:13,901 - Successfully synced vault at 2024-11-17 16:27:12
2024-11-17 16:28:14,210 - Successfully synced vault at 2024-11-17 16:28:12
2024-11-17 16:29:15,458 - Successfully synced vault at 2024-11-17 16:29:13
2024-11-17 16:30:25,349 - Successfully synced vault at 2024-11-17 16:30:22
2024-11-17 16:31:29,196 - Successfully synced vault at 2024-11-17 16:31:27
2024-11-17 16:32:42,434 - Successfully synced vault at 2024-11-17 16:32:38
2024-11-17 16:33:44,984 - Successfully synced vault at 2024-11-17 16:33:43
2024-11-17 16:34:50,622 - Successfully synced vault at 2024-11-17 16:34:48
2024-11-17 16:35:51,859 - Successfully synced vault at 2024-11-17 16:35:49
2024-11-17 16:37:53,003 - Successfully synced vault at 2024-11-17 16:37:50
2024-11-17 16:39:00,887 - Successfully synced vault at 2024-11-17 16:38:58
2024-11-17 16:40:06,843 - Successfully synced vault at 2024-11-17 16:40:04
2024-11-17 16:41:08,898 - Successfully synced vault at 2024-11-17 16:41:06
2024-11-17 16:42:10,082 - Successfully synced vault at 2024-11-17 16:42:07
2024-11-17 16:43:12,597 - Successfully synced vault at 2024-11-17 16:43:09
